[2025-05-14 08:00:19.527] INFO    (logger.go:108) Logger shutting down
[2025-05-14 08:00:19.527] INFO    (main.go:108) UI closed
[2025-05-14 08:00:05.503] INFO    (server.go:93) Server stopped
[2025-05-14 08:00:05.503] INFO    (server.go:82) Stopping server at localhost:3000
[2025-05-14 08:00:05.503] INFO    (model.go:654) User requested to stop server
[2025-05-14 08:00:04.392] INFO    (server.go:66) Server started at localhost:3000
[2025-05-14 08:00:04.391] INFO    (model.go:662) User requested to start server
[2025-05-14 08:00:02.637] INFO    (main.go:61) Starting Mockoho UI
[2025-05-14 08:00:02.637] INFO    (logger.go:63) Logger initialized, debug mode: true


025-05-14 07:59:58.563] INFO    (logger.go:108) Logger shutting down
[2025-05-14 07:59:58.563] INFO    (main.go:108) UI closed
[2025-05-14 07:59:49.019] INFO    (config.go:189) Saved feature config: /Users/sujit/Desktop/mockoho/mocks/products.json
[2025-05-14 07:59:49.019] INFO    (mock.go:166) Toggled endpoint get-products in feature products to true
[2025-05-14 07:59:48.488] INFO    (config.go:189) Saved feature config: /Users/sujit/Desktop/mockoho/mocks/products.json
[2025-05-14 07:59:48.487] INFO    (mock.go:166) Toggled endpoint get-products in feature products to false
[2025-05-14 07:59:38.285] INFO    (main.go:61) Starting Mockoho UI
[2025-05-14 07:59:38.284] INFO    (logger.go:63) Logger initialized, debug mode: false


025-05-14 07:59:35.764] INFO    (logger.go:108) Logger shutting down
[2025-05-14 07:59:35.763] INFO    (main.go:108) UI closed
[2025-05-14 07:59:24.592] INFO    (server.go:173) GET /api/products from 127.0.0.1 - 200 (125ns)
[2025-05-14 07:59:21.191] INFO    (server.go:66) Server started at localhost:3000
[2025-05-14 07:59:21.191] INFO    (model.go:662) User requested to start server
[2025-05-14 07:59:10.955] INFO    (main.go:61) Starting Mockoho UI
[2025-05-14 07:59:10.955] INFO    (logger.go:63) Logger initialized, debug mode: true


